<?xml version="1.0" encoding="UTF-8"?>
<!-- Generated by org.testng.reporters.JUnitXMLReporter -->
<testsuite ignored="0" hostname="DESKTOP-14DE18T" failures="0" tests="2" name="RegressionOnChrome" time="0.183" errors="0" timestamp="2023-11-06T12:43:34 IST">
  <testcase classname="test.SwagLabLoginTestPage" name="@BeforeMethod openBrowser" time="-1.699254814082E9">
    <failure type="org.testng.TestNGException" message="
Method openBrowser requires 2 parameters but 1 were supplied in the BeforeMethod annotation.">
      <![CDATA[org.testng.TestNGException: 
Method openBrowser requires 2 parameters but 1 were supplied in the BeforeMethod annotation.
at java.base/java.util.ArrayList.forEach(ArrayList.java:1511)
... Removed 28 stack frames]]>
    </failure>
  </testcase> <!-- @BeforeMethod openBrowser -->
  <testcase classname="test.SwagLabLoginTestPage" name="@BeforeMethod openBrowser" time="0.0">
    <skipped/>
  </testcase> <!-- @BeforeMethod openBrowser -->
  <testcase classname="test.SwagLabLoginTestPage" name="loginWithLockedOutUser" time="0.001">
    <skipped/>
  </testcase> <!-- loginWithLockedOutUser -->
  <testcase classname="test.SwagLabLoginTestPage" name="loginWithStandardUser" time="0.001">
    <skipped/>
  </testcase> <!-- loginWithStandardUser -->
</testsuite> <!-- RegressionOnChrome -->
